[01m[K/home/q/unitree_ws/unitree-go2-slam-toolbox/src/high_level_control/src/high_level_ctrl.cpp:[m[K In constructor â€˜[01m[Khigh_level_ctrl::high_level_ctrl()[m[Kâ€™:
[01m[K/home/q/unitree_ws/unitree-go2-slam-toolbox/src/high_level_control/src/high_level_ctrl.cpp:21:47:[m[K [01;31m[Kerror: [m[Kno matching function for call to â€˜[01m[KSportClient::SportClient()[m[Kâ€™
   21 |     high_level_ctrl() : Node("high_level_ctrl"[01;31m[K)[m[K
      |                                               [01;31m[K^[m[K
In file included from [01m[K/home/q/unitree_ws/unitree-go2-slam-toolbox/src/high_level_control/src/high_level_ctrl.cpp:12[m[K:
[01m[K/home/q/unitree_ws/unitree-go2-slam-toolbox/src/high_level_control/include/common/ros2_sport_client.h:71:12:[m[K [01;36m[Knote: [m[Kcandidate: â€˜[01m[KSportClient::SportClient(rclcpp::Node*)[m[Kâ€™
   71 |   explicit [01;36m[KSportClient[m[K(rclcpp::Node *node) : node_(node) {
      |            [01;36m[K^~~~~~~~~~~[m[K
[01m[K/home/q/unitree_ws/unitree-go2-slam-toolbox/src/high_level_control/include/common/ros2_sport_client.h:71:12:[m[K [01;36m[Knote: [m[K  candidate expects 1 argument, 0 provided
[01m[K/home/q/unitree_ws/unitree-go2-slam-toolbox/src/high_level_control/include/common/ros2_sport_client.h:65:7:[m[K [01;36m[Knote: [m[Kcandidate: â€˜[01m[KSportClient::SportClient(const SportClient&)[m[Kâ€™
   65 | class [01;36m[KSportClient[m[K {
      |       [01;36m[K^~~~~~~~~~~[m[K
[01m[K/home/q/unitree_ws/unitree-go2-slam-toolbox/src/high_level_control/include/common/ros2_sport_client.h:65:7:[m[K [01;36m[Knote: [m[K  candidate expects 1 argument, 0 provided
[01m[K/home/q/unitree_ws/unitree-go2-slam-toolbox/src/high_level_control/include/common/ros2_sport_client.h:65:7:[m[K [01;36m[Knote: [m[Kcandidate: â€˜[01m[KSportClient::SportClient(SportClient&&)[m[Kâ€™
[01m[K/home/q/unitree_ws/unitree-go2-slam-toolbox/src/high_level_control/include/common/ros2_sport_client.h:65:7:[m[K [01;36m[Knote: [m[K  candidate expects 1 argument, 0 provided
gmake[2]: *** [CMakeFiles/high_level_ctrl.dir/build.make:76: CMakeFiles/high_level_ctrl.dir/src/high_level_ctrl.cpp.o] Error 1
gmake[2]: *** Waiting for unfinished jobs....
gmake[1]: *** [CMakeFiles/Makefile2:137: CMakeFiles/high_level_ctrl.dir/all] Error 2
gmake: *** [Makefile:146: all] Error 2
