[0.028s] Invoking command in '/home/q/unitree_ws/unitree-go2-slam-toolbox/build/high_level_control': CMAKE_PREFIX_PATH=${CMAKE_PREFIX_PATH}:/home/q/ws_moveit2/install/moveit_configs_utils:/home/q/ws_moveit2/install/launch_param_builder:/opt/ros/humble /usr/bin/cmake /home/q/unitree_ws/unitree-go2-slam-toolbox/src/high_level_control -DCMAKE_INSTALL_PREFIX=/home/q/unitree_ws/unitree-go2-slam-toolbox/install/high_level_control
[0.037s] -- Found ament_cmake: 1.3.12 (/opt/ros/humble/share/ament_cmake/cmake)
[0.165s] -- Found unitree_go: 0.0.0 (/home/q/unitree_ws/unitree_ros2/install/unitree_go/share/unitree_go/cmake)
[0.183s] -- Found rosidl_generator_c: 3.1.7 (/opt/ros/humble/share/rosidl_generator_c/cmake)
[0.186s] -- Found rosidl_adapter: 3.1.7 (/opt/ros/humble/share/rosidl_adapter/cmake)
[0.190s] -- Found rosidl_generator_cpp: 3.1.7 (/opt/ros/humble/share/rosidl_generator_cpp/cmake)
[0.198s] -- Using all available rosidl_typesupport_c: rosidl_typesupport_fastrtps_c;rosidl_typesupport_introspection_c
[0.206s] -- Using all available rosidl_typesupport_cpp: rosidl_typesupport_fastrtps_cpp;rosidl_typesupport_introspection_cpp
[0.236s] -- Found unitree_hg: 0.0.0 (/home/q/unitree_ws/unitree_ros2/install/unitree_hg/share/unitree_hg/cmake)
[0.243s] -- Found unitree_api: 0.0.0 (/home/q/unitree_ws/unitree_ros2/install/unitree_api/share/unitree_api/cmake)
[0.250s] -- Found rclcpp: 16.0.16 (/opt/ros/humble/share/rclcpp/cmake)
[0.267s] -- Found rmw_implementation_cmake: 6.1.2 (/opt/ros/humble/share/rmw_implementation_cmake/cmake)
[0.271s] -- Found rmw_fastrtps_cpp: 6.2.9 (/opt/ros/humble/share/rmw_fastrtps_cpp/cmake)
[0.361s] -- Using RMW implementation 'rmw_fastrtps_cpp' as default
[0.396s] -- Found rosbag2_cpp: 0.15.15 (/opt/ros/humble/share/rosbag2_cpp/cmake)
[0.421s] -- Found unitree_go2_nav_interfaces: 0.0.0 (/home/q/unitree_ws/unitree-go2-slam-toolbox/install/unitree_go2_nav_interfaces/share/unitree_go2_nav_interfaces/cmake)
[0.441s] -- Found ament_lint_auto: 0.12.14 (/opt/ros/humble/share/ament_lint_auto/cmake)
[0.527s] -- Added test 'cppcheck' to perform static code analysis on C / C++ code
[0.527s] -- Configured cppcheck include dirs: /home/q/unitree_ws/unitree-go2-slam-toolbox/src/high_level_control/include;/home/q/unitree_ws/unitree-go2-slam-toolbox/src/high_level_control/include/common
[0.527s] -- Configured cppcheck exclude dirs and/or files: 
[0.528s] -- Added test 'lint_cmake' to check CMake code style
[0.530s] -- Added test 'uncrustify' to check C / C++ code style
[0.530s] -- Configured uncrustify additional arguments: 
[0.531s] -- Added test 'xmllint' to check XML markup files
[0.532s] -- Configuring done
[0.541s] -- Generating done
[0.543s] -- Build files have been written to: /home/q/unitree_ws/unitree-go2-slam-toolbox/build/high_level_control
[0.549s] Invoked command in '/home/q/unitree_ws/unitree-go2-slam-toolbox/build/high_level_control' returned '0': CMAKE_PREFIX_PATH=${CMAKE_PREFIX_PATH}:/home/q/ws_moveit2/install/moveit_configs_utils:/home/q/ws_moveit2/install/launch_param_builder:/opt/ros/humble /usr/bin/cmake /home/q/unitree_ws/unitree-go2-slam-toolbox/src/high_level_control -DCMAKE_INSTALL_PREFIX=/home/q/unitree_ws/unitree-go2-slam-toolbox/install/high_level_control
[0.550s] Invoking command in '/home/q/unitree_ws/unitree-go2-slam-toolbox/build/high_level_control': CMAKE_PREFIX_PATH=${CMAKE_PREFIX_PATH}:/home/q/ws_moveit2/install/moveit_configs_utils:/home/q/ws_moveit2/install/launch_param_builder:/opt/ros/humble /usr/bin/cmake --build /home/q/unitree_ws/unitree-go2-slam-toolbox/build/high_level_control -- -j20 -l20
[0.611s] [ 33%] [32mBuilding CXX object CMakeFiles/high_level_ctrl.dir/src/common/ros2_sport_client.cpp.o[0m
[0.614s] [ 66%] [32mBuilding CXX object CMakeFiles/high_level_ctrl.dir/src/high_level_ctrl.cpp.o[0m
[2.797s] [01m[K/home/q/unitree_ws/unitree-go2-slam-toolbox/src/high_level_control/src/high_level_ctrl.cpp:[m[K In constructor â€˜[01m[Khigh_level_ctrl::high_level_ctrl()[m[Kâ€™:
[2.797s] [01m[K/home/q/unitree_ws/unitree-go2-slam-toolbox/src/high_level_control/src/high_level_ctrl.cpp:21:47:[m[K [01;31m[Kerror: [m[Kno matching function for call to â€˜[01m[KSportClient::SportClient()[m[Kâ€™
[2.797s]    21 |     high_level_ctrl() : Node("high_level_ctrl"[01;31m[K)[m[K
[2.797s]       |                                               [01;31m[K^[m[K
[2.797s] In file included from [01m[K/home/q/unitree_ws/unitree-go2-slam-toolbox/src/high_level_control/src/high_level_ctrl.cpp:12[m[K:
[2.798s] [01m[K/home/q/unitree_ws/unitree-go2-slam-toolbox/src/high_level_control/include/common/ros2_sport_client.h:71:12:[m[K [01;36m[Knote: [m[Kcandidate: â€˜[01m[KSportClient::SportClient(rclcpp::Node*)[m[Kâ€™
[2.798s]    71 |   explicit [01;36m[KSportClient[m[K(rclcpp::Node *node) : node_(node) {
[2.798s]       |            [01;36m[K^~~~~~~~~~~[m[K
[2.798s] [01m[K/home/q/unitree_ws/unitree-go2-slam-toolbox/src/high_level_control/include/common/ros2_sport_client.h:71:12:[m[K [01;36m[Knote: [m[K  candidate expects 1 argument, 0 provided
[2.798s] [01m[K/home/q/unitree_ws/unitree-go2-slam-toolbox/src/high_level_control/include/common/ros2_sport_client.h:65:7:[m[K [01;36m[Knote: [m[Kcandidate: â€˜[01m[KSportClient::SportClient(const SportClient&)[m[Kâ€™
[2.798s]    65 | class [01;36m[KSportClient[m[K {
[2.798s]       |       [01;36m[K^~~~~~~~~~~[m[K
[2.798s] [01m[K/home/q/unitree_ws/unitree-go2-slam-toolbox/src/high_level_control/include/common/ros2_sport_client.h:65:7:[m[K [01;36m[Knote: [m[K  candidate expects 1 argument, 0 provided
[2.798s] [01m[K/home/q/unitree_ws/unitree-go2-slam-toolbox/src/high_level_control/include/common/ros2_sport_client.h:65:7:[m[K [01;36m[Knote: [m[Kcandidate: â€˜[01m[KSportClient::SportClient(SportClient&&)[m[Kâ€™
[2.798s] [01m[K/home/q/unitree_ws/unitree-go2-slam-toolbox/src/high_level_control/include/common/ros2_sport_client.h:65:7:[m[K [01;36m[Knote: [m[K  candidate expects 1 argument, 0 provided
[5.426s] gmake[2]: *** [CMakeFiles/high_level_ctrl.dir/build.make:76: CMakeFiles/high_level_ctrl.dir/src/high_level_ctrl.cpp.o] Error 1
[5.426s] gmake[2]: *** Waiting for unfinished jobs....
[7.262s] gmake[1]: *** [CMakeFiles/Makefile2:137: CMakeFiles/high_level_ctrl.dir/all] Error 2
[7.262s] gmake: *** [Makefile:146: all] Error 2
[7.263s] Invoked command in '/home/q/unitree_ws/unitree-go2-slam-toolbox/build/high_level_control' returned '2': CMAKE_PREFIX_PATH=${CMAKE_PREFIX_PATH}:/home/q/ws_moveit2/install/moveit_configs_utils:/home/q/ws_moveit2/install/launch_param_builder:/opt/ros/humble /usr/bin/cmake --build /home/q/unitree_ws/unitree-go2-slam-toolbox/build/high_level_control -- -j20 -l20
