[0.035s] Invoking command in '/home/q/unitree_ws/unitree-go2-slam-toolbox/build/high_level_control': CMAKE_PREFIX_PATH=${CMAKE_PREFIX_PATH}:/home/q/ws_moveit2/install/moveit_configs_utils:/home/q/ws_moveit2/install/launch_param_builder:/opt/ros/humble /usr/bin/cmake --build /home/q/unitree_ws/unitree-go2-slam-toolbox/build/high_level_control -- -j20 -l20
[0.070s] [35m[1mConsolidate compiler generated dependencies of target high_level_ctrl[0m
[0.094s] [ 33%] [32mBuilding CXX object CMakeFiles/high_level_ctrl.dir/src/high_level_ctrl.cpp.o[0m
[0.094s] [ 66%] [32mBuilding CXX object CMakeFiles/high_level_ctrl.dir/src/common/ros2_sport_client.cpp.o[0m
[0.095s] [01m[Kcc1plus:[m[K [01;31m[Kfatal error: [m[K/home/q/unitree_ws/unitree-go2-slam-toolbox/src/high_level_control/src/common/ros2_sport_client.cpp: No such file or directory
[0.096s] compilation terminated.
[0.096s] gmake[2]: *** [CMakeFiles/high_level_ctrl.dir/build.make:90: CMakeFiles/high_level_ctrl.dir/src/common/ros2_sport_client.cpp.o] Error 1
[0.096s] gmake[2]: *** Waiting for unfinished jobs....
[6.445s] gmake[1]: *** [CMakeFiles/Makefile2:137: CMakeFiles/high_level_ctrl.dir/all] Error 2
[6.445s] gmake: *** [Makefile:146: all] Error 2
[6.446s] Invoked command in '/home/q/unitree_ws/unitree-go2-slam-toolbox/build/high_level_control' returned '2': CMAKE_PREFIX_PATH=${CMAKE_PREFIX_PATH}:/home/q/ws_moveit2/install/moveit_configs_utils:/home/q/ws_moveit2/install/launch_param_builder:/opt/ros/humble /usr/bin/cmake --build /home/q/unitree_ws/unitree-go2-slam-toolbox/build/high_level_control -- -j20 -l20
